[20:57:01] [ServerMain/INFO]: [bootstrap] Running Java 21 (OpenJDK 64-Bit Server VM 21.0.4+7-LTS; Azul Systems, Inc. Zulu21.36+17-CA) on Windows 10 10.0 (amd64)
[20:57:01] [ServerMain/INFO]: [bootstrap] Loading Paper 1.21.1-131-ver/1.21.1@84281ce (2024-10-31T17:43:44Z) for Minecraft 1.21.1
[20:57:02] [ServerMain/INFO]: [PluginInitializerManager] Initializing plugins...
[20:57:02] [ServerMain/INFO]: [PluginInitializerManager] Initialized 0 plugins
[20:57:08] [ServerMain/INFO]: Environment: Environment[sessionHost=https://sessionserver.mojang.com, servicesHost=https://api.minecraftservices.com, name=PROD]
[20:57:10] [ServerMain/INFO]: Loaded 1290 recipes
[20:57:10] [ServerMain/INFO]: Loaded 1399 advancements
[20:57:11] [Server thread/INFO]: Starting minecraft server version 1.21.1
[20:57:11] [Server thread/INFO]: Loading properties
[20:57:11] [Server thread/INFO]: This server is running Paper version 1.21.1-131-ver/1.21.1@84281ce (2024-10-31T17:43:44Z) (Implementing API version 1.21.1-R0.1-SNAPSHOT)
[20:57:12] [Server thread/INFO]: [spark] This server bundles the spark profiler. For more information please visit https://docs.papermc.io/paper/profiling
[20:57:12] [Server thread/INFO]: Server Ping Player Sample Count: 12
[20:57:12] [Server thread/INFO]: Using 4 threads for Netty based IO
[20:57:13] [Server thread/WARN]: [!] The timings profiler has been enabled but has been scheduled for removal from Paper in the future.
    We recommend migrating to the spark profiler.
    For more information please visit: https://github.com/PaperMC/Paper/discussions/10565
[20:57:13] [Server thread/INFO]: [ChunkTaskScheduler] Chunk system is using 1 I/O threads, 1 worker threads, and population gen parallelism of 1 threads
[20:57:13] [Server thread/INFO]: Default game type: CREATIVE
[20:57:13] [Server thread/INFO]: Generating keypair
[20:57:13] [Server thread/INFO]: Starting Minecraft server on *:25565
[20:57:13] [Server thread/INFO]: Using default channel type
[20:57:13] [Server thread/INFO]: Paper: Using Java compression from Velocity.
[20:57:13] [Server thread/INFO]: Paper: Using Java cipher from Velocity.
[20:57:13] [Server thread/INFO]: Server permissions file permissions.yml is empty, ignoring it
[20:57:13] [Server thread/INFO]: Preparing level "world"
[20:57:14] [Server thread/INFO]: Preparing start region for dimension minecraft:overworld
[20:57:16] [Server thread/INFO]: Time elapsed: 2199 ms
[20:57:16] [Server thread/INFO]: Preparing start region for dimension minecraft:the_nether
[20:57:17] [Server thread/INFO]: Time elapsed: 1521 ms
[20:57:17] [Server thread/INFO]: Preparing start region for dimension minecraft:the_end
[20:57:18] [Server thread/INFO]: Time elapsed: 565 ms
[20:57:18] [Server thread/INFO]: [spark] Starting background profiler...
[20:57:18] [Server thread/INFO]: [spark] The async-profiler engine is not supported for your os/arch (windows10/amd64), so the built-in Java engine will be used instead.
[20:57:18] [Server thread/INFO]: Done preparing level "world" (4.930s)
[20:57:18] [Server thread/INFO]: Running delayed init tasks
[20:57:18] [Server thread/INFO]: Done (18.256s)! For help, type "help"
[20:57:18] [Server thread/INFO]: Timings Reset
[20:57:20] [User Authenticator #0/INFO]: UUID of player Dcleee is bb0b6cec-b275-423f-bf5a-1fe1b84f0389
[20:57:21] [Server thread/INFO]: Dcleee joined the game
[20:57:21] [Server thread/INFO]: Dcleee[/112.153.46.162:7338] logged in with entity id 145 at ([world]-102.5, 54.0, -102.5)
[20:57:34] [User Authenticator #0/INFO]: UUID of player skuru is 77a248d7-22d9-44fb-b802-f76b9999e315
[20:57:35] [Server thread/INFO]: skuru joined the game
[20:57:35] [Server thread/INFO]: skuru[/127.0.0.1:59067] logged in with entity id 150 at ([world]77.98276939712783, 68.5331092203184, -181.78922652379597)
[20:57:47] [Async Chat Thread - #1/INFO]: <skuru> ㅈㄱㄵ
[20:57:54] [Async Chat Thread - #1/INFO]: <Dcleee> wjdrmfshwoa
[20:57:56] [Async Chat Thread - #1/INFO]: <Dcleee> 정글노잼
[20:57:57] [Server thread/INFO]: skuru issued server command: /tp @a Dcleee
[20:57:57] [Server thread/WARN]: skuru moved too quickly! 0.5247878690998533,-14.422571900951503,-28.762402384560616
[20:57:57] [Server thread/WARN]: skuru moved too quickly! 0.5247878690998533,-14.422571900951503,-28.762402384560616
[20:57:57] [Server thread/WARN]: skuru moved too quickly! 0.5247878690998533,-14.422571900951503,-28.762402384560616
[20:58:00] [Server thread/INFO]: skuru issued server command: /op @a
[20:58:10] [Server thread/INFO]: skuru issued server command: /tp @a @s
[20:58:10] [Server thread/WARN]: Dcleee moved too quickly! -25.856957349483807,-5.544745870090942,126.16112861183066
[20:58:24] [Server thread/INFO]: Dcleee issued server command: /gamemode s
[20:58:27] [Server thread/INFO]: Dcleee issued server command: /gamemode spectator
[20:58:30] [Server thread/INFO]: Dcleee issued server command: /gamemode survival
[20:58:38] [Server thread/INFO]: skuru issued server command: /tag @s list
[20:58:40] [Server thread/INFO]: skuru issued server command: /tag @s remove aimhack
[20:58:42] [Server thread/INFO]: skuru issued server command: /tag @s remove Ayaka
[20:58:44] [Server thread/INFO]: skuru issued server command: /tag @s remove blizzard
[20:58:49] [Server thread/INFO]: skuru issued server command: /tag Dcleee add player
[20:58:50] [Server thread/INFO]: Dcleee was killed
[20:58:56] [Server thread/INFO]: Dcleee was killed
[20:59:07] [Server thread/INFO]: skuru issued server command: /give @s light
[20:59:31] [Server thread/INFO]: skuru issued server command: /gamemode adventure Dcleee
[20:59:50] [Server thread/INFO]: Dcleee was killed
[21:00:50] [Server thread/INFO]: Dcleee was killed
[21:00:58] [Server thread/INFO]: Dcleee was killed
[21:01:00] [Server thread/INFO]: Dcleee was killed
[21:01:10] [Server thread/INFO]: Dcleee was killed
[21:01:21] [Server thread/INFO]: Dcleee was killed
[21:01:28] [Server thread/INFO]: Dcleee was killed
[21:01:50] [Server thread/INFO]: Dcleee was killed
[21:02:11] [Server thread/INFO]: Dcleee was killed
[21:02:18] [Server thread/INFO]: Dcleee was killed
[21:02:30] [Server thread/INFO]: Dcleee was killed
[21:02:36] [Server thread/INFO]: Dcleee was doomed to fall by skuru
[21:02:38] [Async Chat Thread - #2/INFO]: <Dcleee> 야이십새가,여ㅓ
[21:02:39] [Server thread/INFO]: Dcleee issued server command: /get ao
[21:02:45] [Server thread/INFO]: Dcleee was killed
[21:02:47] [Async Chat Thread - #2/INFO]: <Dcleee> aoaoaoo
[21:02:53] [Server thread/INFO]: Dcleee was killed
[21:02:58] [Server thread/INFO]: Dcleee was killed
[21:03:00] [Async Chat Thread - #3/INFO]: <Dcleee> ㅗㅗ
[21:03:04] [Server thread/INFO]: Dcleee was killed
[21:03:11] [Server thread/INFO]: Dcleee was killed
[21:03:16] [Server thread/INFO]: skuru issued server command: /tp Dcleee @s
[21:03:22] [Server thread/INFO]: Dcleee was killed
[21:03:51] [Server thread/INFO]: Dcleee was doomed to fall by skuru
[21:04:01] [Server thread/INFO]: Dcleee was killed
[21:04:32] [Server thread/INFO]: Dcleee fell from a high place
[21:04:46] [Async Chat Thread - #4/INFO]: <Dcleee> 그냥
[21:04:47] [Async Chat Thread - #4/INFO]: <Dcleee> ㅗ
[21:04:53] [Server thread/INFO]: Dcleee fell from a high place
[21:05:11] [Server thread/INFO]: Dcleee fell from a high place
[21:05:24] [Server thread/INFO]: Dcleee was doomed to fall
[21:05:27] [Async Chat Thread - #4/INFO]: <Dcleee> 급ㅁ강하네
[21:05:28] [Async Chat Thread - #4/INFO]: <Dcleee> h
[21:05:38] [Server thread/INFO]: Dcleee was doomed to fall
[21:05:45] [Server thread/INFO]: Dcleee was doomed to fall
[21:05:58] [Server thread/INFO]: Dcleee was doomed to fall
[21:06:14] [Server thread/INFO]: Dcleee was slain by skuru
[21:06:31] [Async Chat Thread - #6/INFO]: <Dcleee> ez
[21:06:37] [Server thread/INFO]: Dcleee was slain by skuru
[21:06:45] [Server thread/INFO]: Dcleee issued server command: /kill
[21:06:45] [Server thread/INFO]: Dcleee was killed
[21:06:55] [Server thread/INFO]: Dcleee was doomed to fall
[21:07:00] [Async Chat Thread - #6/INFO]: <Dcleee> ㅗ
[21:07:00] [Server thread/INFO]: Dcleee was doomed to fall
[21:07:03] [Server thread/INFO]: skuru issued server command: /gamemode adventure
[21:07:07] [Server thread/INFO]: skuru issued server command: /gamemode creative
[21:07:13] [Server thread/INFO]: Dcleee was doomed to fall
[21:07:21] [Server thread/INFO]: Dcleee was doomed to fall
[21:07:26] [Server thread/INFO]: Dcleee was doomed to fall
[21:07:28] [Server thread/INFO]: Dcleee was doomed to fall by skuru
[21:07:30] [Async Chat Thread - #6/INFO]: <Dcleee> 십련아
[21:07:30] [Server thread/INFO]: Dcleee was doomed to fall by skuru
[21:07:32] [Async Chat Thread - #6/INFO]: <Dcleee> 니얼굴
[21:07:33] [Server thread/INFO]: Dcleee was doomed to fall by skuru
[21:07:35] [Async Chat Thread - #6/INFO]: <Dcleee> 이
[21:07:36] [Async Chat Thread - #6/INFO]: <Dcleee> 진
[21:07:43] [Server thread/INFO]: Dcleee was doomed to fall
[21:07:52] [Server thread/INFO]: Dcleee was doomed to fall
[21:08:00] [Server thread/INFO]: Dcleee was doomed to fall
[21:08:04] [Server thread/INFO]: Dcleee was killed
[21:08:09] [Server thread/INFO]: Dcleee was doomed to fall
[21:08:23] [Async Chat Thread - #6/INFO]: <Dcleee> ㅠㄷ 갸홋
[21:08:25] [Async Chat Thread - #6/INFO]: <Dcleee> be right back
[21:08:34] [Server thread/INFO]: skuru issued server command: /tag @s add player
[21:08:38] [Server thread/INFO]: skuru was killed
[21:08:41] [Server thread/INFO]: skuru issued server command: /gamemode adventure
[21:08:44] [Server thread/INFO]: skuru issued server command: /gamemode creative
[21:09:07] [Server thread/INFO]: skuru issued server command: /give @s light
[21:10:58] [Server thread/INFO]: skuru was killed
[21:11:03] [Server thread/INFO]: skuru was killed
[21:11:06] [Server thread/INFO]: skuru was killed
[21:11:14] [Server thread/INFO]: skuru was killed
[21:13:16] [Async Chat Thread - #8/INFO]: <Dcleee> 10susdk
[21:13:18] [Async Chat Thread - #8/INFO]: <Dcleee> 10년아
[21:13:18] [Async Chat Thread - #8/INFO]: <skuru> ?
[21:13:20] [Async Chat Thread - #8/INFO]: <skuru> 벌써옴?
[21:13:25] [Async Chat Thread - #8/INFO]: <Dcleee> ㅗ
[21:13:26] [Async Chat Thread - #9/INFO]: <skuru> ?
[21:13:28] [Async Chat Thread - #9/INFO]: <skuru> 말을해
[21:13:36] [Async Chat Thread - #9/INFO]: <Dcleee> 여보세요?
[21:13:39] [Async Chat Thread - #9/INFO]: <skuru> 님 마이크 꺼져있음
[21:13:43] [Async Chat Thread - #9/INFO]: <Dcleee> ㅗ
[21:13:45] [Async Chat Thread - #9/INFO]: <skuru> 븅신임?
[21:13:47] [Async Chat Thread - #9/INFO]: <Dcleee> ㅠㅠ
[21:13:48] [Async Chat Thread - #9/INFO]: <Dcleee> ㅗㅗㅗ
[21:14:02] [Server thread/INFO]: Dcleee issued server command: /kick
[21:14:04] [Server thread/INFO]: Dcleee issued server command: /kill
[21:14:04] [Server thread/INFO]: Dcleee was killed
[21:14:15] [Server thread/INFO]: Dcleee was doomed to fall
[21:14:23] [Server thread/INFO]: Dcleee was doomed to fall
[21:14:26] [Async Chat Thread - #9/INFO]: <Dcleee> ok
[21:14:26] [Server thread/INFO]: skuru issued server command: /reload confirm
[21:14:26] [Server thread/INFO]: skuru: Please note that this command is not supported and may cause issues when using some plugins.
[21:14:26] [Server thread/INFO]: skuru: If you encounter any issues please use the /stop command to restart your server.
[21:14:26] [Server thread/INFO]: Server Ping Player Sample Count: 12
[21:14:26] [Server thread/INFO]: Using 4 threads for Netty based IO
[21:14:28] [Server thread/INFO]: Loaded 1290 recipes
[21:14:28] [Server thread/INFO]: Loaded 1399 advancements
[21:14:28] [Server thread/INFO]: [PluginInitializerManager] Initializing plugins...
[21:14:28] [Paper Plugin Remapper Thread - 2/INFO]: [PluginRemapper] Remapping plugin 'plugins\worldedit-bukkit-7.3.8.jar'...
[21:14:32] [Paper Plugin Remapper Thread - 2/INFO]: [PluginRemapper] Done remapping plugin 'plugins\worldedit-bukkit-7.3.8.jar' in 3681ms.
[21:14:32] [Server thread/INFO]: [PluginInitializerManager] Initialized 1 plugin
[21:14:32] [Server thread/INFO]: [PluginInitializerManager] Bukkit plugins (1):
 - WorldEdit (7.3.8+6939-7d32b45)
[21:14:32] [Server thread/INFO]: [WorldEdit] Loading server plugin WorldEdit v7.3.8+6939-7d32b45
[21:14:33] [Server thread/INFO]: Got request to register class com.sk89q.worldedit.bukkit.BukkitServerInterface with WorldEdit [com.sk89q.worldedit.extension.platform.PlatformManager@13f77d6]
[21:14:33] [Server thread/INFO]: Server permissions file permissions.yml is empty, ignoring it
[21:14:33] [Server thread/INFO]: [WorldEdit] Enabling WorldEdit v7.3.8+6939-7d32b45
[21:14:33] [Server thread/INFO]: Registering commands with com.sk89q.worldedit.bukkit.BukkitServerInterface
[21:14:33] [Server thread/INFO]: WEPIF: Using the Bukkit Permissions API.
[21:14:33] [Server thread/WARN]: [WorldEdit] Server reload detected. This may cause various issues with WorldEdit and dependent plugins.
[21:14:34] [Server thread/INFO]: Using com.sk89q.worldedit.bukkit.adapter.impl.v1_21.PaperweightAdapter as the Bukkit adapter
[21:14:36] [Server thread/INFO]: skuru: Reload complete.
[21:14:36] [Server thread/WARN]: Can't keep up! Is the server overloaded? Running 10152ms or 203 ticks behind
[21:14:36] [Server thread/INFO]: Timings Reset
[21:14:36] [Server thread/WARN]: Dcleee moved too quickly! 3.927035996281404,-21.878703159460805,6.078569434674158
[21:14:37] [Server thread/INFO]: Dcleee was killed
[21:14:41] [Server thread/INFO]: Dcleee was killed
[21:14:49] [Server thread/INFO]: Dcleee was doomed to fall
[21:14:56] [Server thread/INFO]: Dcleee was doomed to fall
[21:15:02] [Server thread/INFO]: Dcleee issued server command: /kick
[21:15:03] [Server thread/INFO]: Dcleee issued server command: /kill
[21:15:03] [Server thread/INFO]: Dcleee was killed
[21:15:08] [Async Chat Thread - #9/INFO]: <Dcleee> wnrj
[21:15:10] [Server thread/INFO]: Dcleee issued server command: /kill
[21:15:10] [Server thread/INFO]: Dcleee was killed
[21:15:15] [Server thread/INFO]: Dcleee issued server command: /kick
[21:15:16] [Server thread/INFO]: Dcleee issued server command: /kill
[21:15:16] [Server thread/INFO]: Dcleee was killed
[21:15:27] [Server thread/INFO]: Dcleee was doomed to fall
[21:15:34] [Server thread/INFO]: Dcleee was killed
[21:15:39] [Server thread/INFO]: Dcleee was killed
[21:15:43] [Server thread/INFO]: Dcleee was killed
[21:15:51] [Server thread/INFO]: Dcleee was doomed to fall
[21:15:55] [Server thread/INFO]: Dcleee was doomed to fall
[21:16:02] [Server thread/INFO]: Dcleee was doomed to fall
[21:16:07] [Async Chat Thread - #9/INFO]: <Dcleee> you do hard.
[21:16:09] [Async Chat Thread - #9/INFO]: <Dcleee> 열심히 ====
[21:16:15] [Async Chat Thread - #9/INFO]: <Dcleee> 힘들게?>??????
[21:16:19] [Server thread/INFO]: skuru issued server command: /effect clear @s
[21:16:22] [Server thread/INFO]: skuru issued server command: /effect clear @s
[21:16:23] [Server thread/INFO]: Dcleee was doomed to fall
[21:16:23] [Server thread/INFO]: skuru issued server command: /effect clear @s
[21:16:34] [Server thread/INFO]: Dcleee was doomed to fall
[21:16:38] [Server thread/INFO]: Dcleee was killed
[21:16:41] [Server thread/INFO]: skuru issued server command: /effect clear @s
[21:16:45] [Server thread/INFO]: Dcleee was doomed to fall
[21:16:56] [Async Chat Thread - #9/INFO]: <Dcleee> finally
[21:16:57] [Async Chat Thread - #9/INFO]: <Dcleee> I .
[21:17:00] [Async Chat Thread - #9/INFO]: <Dcleee> break
[21:17:01] [Async Chat Thread - #9/INFO]: <Dcleee> the parkour
[21:17:18] [Server thread/INFO]: Dcleee fell from a high place
[21:17:22] [Server thread/INFO]: Dcleee fell from a high place
[21:17:33] [Server thread/INFO]: Dcleee fell from a high place
[21:17:45] [Server thread/INFO]: Dcleee fell from a high place
[21:17:49] [Async Chat Thread - #9/INFO]: <Dcleee> 255 999999 true
[21:17:58] [Server thread/INFO]: skuru issued server command: /effect give Dcleee minecraft:hunger infinite 255 true
[21:17:59] [Server thread/INFO]: Dcleee fell from a high place
[21:18:00] [Server thread/INFO]: skuru issued server command: /effect give Dcleee minecraft:hunger infinite 255 true
[21:18:09] [Server thread/INFO]: Dcleee was doomed to fall
[21:18:09] [Server thread/INFO]: skuru issued server command: /effect clear Dcleee
[21:18:29] [Server thread/INFO]: Dcleee fell from a high place
[21:18:35] [Server thread/INFO]: skuru issued server command: /give @s light
[21:18:38] [Server thread/INFO]: Dcleee was killed
[21:18:46] [Server thread/INFO]: Dcleee fell from a high place
[21:18:48] [Server thread/INFO]: Dcleee was doomed to fall by skuru
[21:19:06] [Server thread/INFO]: Dcleee fell from a high place
[21:19:08] [Async Chat Thread - #10/INFO]: <Dcleee> 씨바ㅓㄹ
[21:19:09] [Async Chat Thread - #10/INFO]: <Dcleee> 씨발아
[21:19:13] [Async Chat Thread - #10/INFO]: <Dcleee> 아야이 니얼굴 가오 니가오 진석
[21:19:17] [Async Chat Thread - #10/INFO]: <Dcleee> 진석쿠노 성격
[21:19:18] [Server thread/INFO]: Dcleee was doomed to fall by skuru
[21:19:20] [Async Chat Thread - #10/INFO]: <Dcleee> 오나지
[21:19:22] [Async Chat Thread - #10/INFO]: <Dcleee> 데스요 ~
[21:19:31] [Server thread/INFO]: Dcleee issued server command: /gammeod ec
[21:19:45] [Server thread/INFO]: Dcleee was killed
[21:19:48] [Server thread/INFO]: Dcleee fell from a high place
[21:19:55] [Server thread/INFO]: Dcleee fell from a high place
[21:20:01] [Server thread/INFO]: Dcleee fell from a high place
[21:20:12] [Server thread/INFO]: Dcleee fell from a high place
[21:20:28] [Server thread/INFO]: Dcleee fell from a high place
[21:20:54] [Server thread/INFO]: Dcleee fell from a high place
[21:20:55] [Server thread/INFO]: skuru issued server command: /tag @s remove player
[21:21:06] [Server thread/INFO]: skuru issued server command: /effect clear @s
[21:21:24] [Server thread/INFO]: Dcleee fell from a high place
[21:21:31] [Server thread/INFO]: Dcleee fell from a high place
[21:21:37] [Server thread/INFO]: Dcleee fell from a high place
[21:21:49] [Server thread/INFO]: Dcleee fell from a high place
[21:21:57] [Server thread/INFO]: Dcleee fell from a high place
[21:22:14] [Server thread/INFO]: Dcleee fell from a high place
[21:22:20] [Server thread/INFO]: Dcleee fell from a high place
[21:22:28] [Server thread/INFO]: Dcleee fell from a high place
[21:22:37] [Server thread/INFO]: Dcleee fell from a high place
[21:22:49] [Server thread/INFO]: Dcleee fell from a high place
[21:23:03] [Server thread/INFO]: Dcleee fell from a high place
[21:23:08] [Server thread/INFO]: skuru issued server command: /tp Dcleee @s
[21:23:08] [Server thread/WARN]: Dcleee moved too quickly! 19.660223787073633,8.951848011473757,3.0437773791343243
[21:23:21] [Async Chat Thread - #12/INFO]: <Dcleee> ws tnlqsp
[21:23:22] [Async Chat Thread - #12/INFO]: <Dcleee> ez
[21:23:22] [Async Chat Thread - #12/INFO]: <Dcleee> ez
[21:23:30] [Async Chat Thread - #12/INFO]: <Dcleee> sibal\
[21:23:37] [Server thread/INFO]: Dcleee fell from a high place
[21:23:46] [Server thread/INFO]: Dcleee fell from a high place
[21:23:51] [Server thread/INFO]: Dcleee fell from a high place
[21:23:58] [Server thread/INFO]: Dcleee fell from a high place
[21:24:05] [Server thread/INFO]: Dcleee fell from a high place
[21:24:10] [Server thread/INFO]: Dcleee fell from a high place
[21:24:15] [Server thread/INFO]: Dcleee fell from a high place
[21:24:27] [Server thread/INFO]: Dcleee fell from a high place
[21:24:31] [Server thread/INFO]: Dcleee fell from a high place
[21:24:43] [Server thread/INFO]: Dcleee fell from a high place
[21:24:44] [Async Chat Thread - #14/INFO]: <Dcleee> ㅗ
[21:24:56] [Server thread/INFO]: Dcleee fell from a high place
[21:25:12] [Server thread/WARN]: Dcleee moved wrongly!
[21:25:14] [Server thread/INFO]: Dcleee fell from a high place
[21:25:20] [Server thread/INFO]: Dcleee fell from a high place
[21:25:25] [Server thread/INFO]: Dcleee fell from a high place
[21:25:31] [Server thread/INFO]: Dcleee fell from a high place
[21:25:38] [Async Chat Thread - #14/INFO]: <Dcleee> 첫경험
[21:25:41] [Server thread/INFO]: Dcleee fell from a high place
[21:25:42] [Async Chat Thread - #14/INFO]: <Dcleee> 개시걍
[21:26:01] [Server thread/INFO]: Dcleee fell from a high place
[21:26:07] [Server thread/INFO]: Dcleee fell from a high place
[21:26:11] [Server thread/INFO]: Dcleee fell from a high place
[21:26:15] [Server thread/INFO]: Dcleee fell from a high place
[21:26:19] [Server thread/INFO]: Dcleee fell from a high place
[21:26:26] [Server thread/INFO]: Dcleee fell from a high place
[21:26:32] [Server thread/INFO]: Dcleee fell from a high place
[21:26:38] [Server thread/INFO]: Dcleee fell from a high place
[21:26:45] [Server thread/INFO]: Dcleee fell from a high place
[21:26:49] [Server thread/WARN]: Dcleee moved wrongly!
[21:26:49] [Server thread/WARN]: Dcleee moved wrongly!
[21:26:50] [Server thread/INFO]: Dcleee fell from a high place
[21:26:56] [Server thread/INFO]: Dcleee was doomed to fall by skuru
[21:27:07] [Server thread/INFO]: Dcleee fell from a high place
[21:27:11] [Server thread/INFO]: Dcleee fell from a high place
[21:27:15] [Server thread/INFO]: Dcleee fell from a high place
[21:27:20] [Server thread/INFO]: Dcleee fell from a high place
[21:27:24] [Server thread/INFO]: Dcleee fell from a high place
[21:27:28] [Server thread/INFO]: Dcleee fell from a high place
[21:27:32] [Server thread/INFO]: Dcleee fell from a high place
[21:27:37] [Server thread/INFO]: Dcleee fell from a high place
[21:27:41] [Server thread/INFO]: Dcleee fell from a high place
[21:27:47] [Server thread/INFO]: Dcleee fell from a high place
[21:27:49] [Async Chat Thread - #16/INFO]: <Dcleee> 와시발
[21:28:01] [Server thread/INFO]: Dcleee was doomed to fall by skuru
[21:28:05] [Server thread/INFO]: Dcleee has made the advancement [Sticky Situation]
[21:28:07] [Server thread/INFO]: Dcleee fell from a high place
[21:28:14] [Server thread/INFO]: Dcleee fell from a high place
[21:28:20] [Server thread/INFO]: Dcleee fell from a high place
[21:28:26] [Server thread/INFO]: Dcleee fell from a high place
[21:28:41] [Server thread/INFO]: Dcleee has completed the challenge [Great View From Up Here]
[21:28:45] [Server thread/INFO]: Dcleee tried to swim in lava
[21:28:47] [Async Chat Thread - #16/INFO]: <Dcleee> ㅋㅋㅋㅋㅋㅋㅋㅋㅋㅋㅋㅋㅋㅋㅋㅋㅋㅋㅋ
[21:28:55] [Server thread/INFO]: Dcleee fell from a high place
[21:29:00] [Server thread/INFO]: Dcleee fell from a high place
[21:29:06] [Server thread/INFO]: Dcleee fell from a high place
[21:29:12] [Server thread/INFO]: Dcleee fell from a high place
[21:29:20] [Server thread/INFO]: skuru issued server command: /effect clear @s
[21:29:21] [Server thread/INFO]: skuru issued server command: /tag @s list
[21:29:23] [Server thread/INFO]: skuru issued server command: /tag @s remove honey
[21:29:29] [Server thread/INFO]: Dcleee tried to swim in lava
[21:29:35] [Server thread/INFO]: Dcleee fell from a high place
[21:29:56] [Server thread/INFO]: Dcleee was killed
[21:30:02] [Server thread/INFO]: Dcleee fell from a high place
[21:30:08] [Server thread/INFO]: Dcleee fell from a high place
[21:30:13] [Server thread/INFO]: Dcleee fell from a high place
[21:30:19] [Server thread/INFO]: Dcleee fell from a high place
[21:30:24] [Server thread/INFO]: Dcleee fell from a high place
[21:30:33] [Server thread/INFO]: Dcleee fell from a high place
[21:30:41] [Server thread/INFO]: Dcleee fell from a high place
[21:30:45] [Server thread/INFO]: skuru issued server command: /gamemode spectator
[21:30:47] [Server thread/INFO]: Dcleee fell from a high place
[21:30:56] [Server thread/INFO]: Dcleee fell from a high place
[21:31:02] [Server thread/INFO]: Dcleee fell from a high place
[21:31:02] [Server thread/INFO]: skuru issued server command: /gamemode creative
[21:31:12] [Server thread/INFO]: Dcleee issued server command: /gamemode spectator
[21:31:25] [Server thread/INFO]: Dcleee issued server command: /gamemode s
[21:31:27] [Server thread/INFO]: Dcleee issued server command: /gamemode adventure
[21:31:32] [Async Chat Thread - #18/INFO]: <Dcleee> 머리: 이해ㅏㅁ
[21:31:35] [Async Chat Thread - #18/INFO]: <Dcleee> 손; 준비됐지?
[21:31:41] [Server thread/INFO]: Dcleee fell from a high place
[21:31:47] [Server thread/INFO]: Dcleee fell from a high place
[21:31:53] [Server thread/INFO]: Dcleee fell from a high place
[21:32:00] [Server thread/INFO]: Dcleee fell from a high place
[21:32:38] [Server thread/INFO]: Dcleee was killed
[21:32:40] [Server thread/INFO]: skuru issued server command: /tag Dcleee list
[21:32:43] [Server thread/INFO]: Dcleee was killed
[21:32:47] [Server thread/INFO]: Dcleee was killed
[21:32:51] [Server thread/INFO]: Dcleee was killed
[21:32:55] [Server thread/INFO]: Dcleee was killed
[21:32:59] [Server thread/INFO]: Dcleee was killed
[21:33:03] [Server thread/INFO]: Dcleee was killed
[21:33:07] [Server thread/INFO]: Dcleee was killed
[21:33:11] [Server thread/INFO]: Dcleee was killed
[21:33:16] [Server thread/INFO]: Dcleee was killed
[21:33:22] [Server thread/INFO]: Dcleee was killed
[21:33:29] [Server thread/INFO]: skuru issued server command: /tag Dcleee remove honey
[21:33:31] [Server thread/INFO]: Dcleee was killed
[21:33:35] [Server thread/INFO]: Dcleee was killed
[21:33:44] [Server thread/INFO]: Dcleee was killed
[21:33:56] [Server thread/INFO]: Dcleee was killed
[21:34:03] [Server thread/INFO]: Dcleee was killed
[21:34:08] [Server thread/INFO]: Dcleee was killed
[21:34:13] [Server thread/INFO]: Dcleee was killed
[21:34:21] [Server thread/INFO]: Dcleee was killed
[21:34:28] [Server thread/INFO]: Dcleee was killed
[21:34:36] [Server thread/INFO]: Dcleee was killed
[21:35:06] [Server thread/INFO]: Dcleee was killed
[21:35:08] [Async Chat Thread - #20/INFO]: <Dcleee> ㅋㅋㅋㅋㅋㅋㅋㅋㅋㅋ
[21:35:10] [Async Chat Thread - #20/INFO]: <Dcleee> ㅋㅋㅋㅋㅋㅋㅋㅋㅋㅋㅋㅋㅋㅋㅋㅋㅋㅋㅋㅋ
[21:35:21] [Server thread/INFO]: Dcleee was killed
[21:35:30] [Server thread/INFO]: Dcleee was killed
[21:35:39] [Server thread/INFO]: Dcleee was killed
[21:35:46] [Server thread/INFO]: Dcleee was killed
[21:35:55] [Server thread/INFO]: Dcleee was killed
[21:36:05] [Server thread/INFO]: Dcleee was killed
[21:37:02] [Server thread/INFO]: Dcleee fell from a high place
[21:37:11] [Server thread/INFO]: Dcleee was killed
[21:37:20] [Server thread/INFO]: Dcleee was killed
[21:37:22] [Server thread/INFO]: skuru issued server command: /spawnpoint Dcleee ~ ~ ~
[21:37:25] [Server thread/INFO]: skuru issued server command: /spawnpoint Dcleee ~ ~ ~
[21:37:26] [Server thread/INFO]: Dcleee issued server command: /kil
[21:37:28] [Server thread/INFO]: Dcleee issued server command: /kill
[21:37:28] [Server thread/INFO]: Dcleee was killed
[21:37:32] [Server thread/INFO]: Dcleee was slain by skuru
[21:37:34] [Async Chat Thread - #22/INFO]: <Dcleee> ?
[21:37:36] [Async Chat Thread - #22/INFO]: <Dcleee> ????
[21:37:36] [Server thread/INFO]: Dcleee was doomed to fall by skuru
[21:37:40] [Server thread/INFO]: Dcleee fell from a high place
[21:37:47] [Server thread/INFO]: Dcleee fell from a high place
[21:37:52] [Server thread/INFO]: Dcleee fell from a high place
[21:38:04] [Server thread/INFO]: Dcleee fell from a high place
[21:38:16] [Server thread/INFO]: Dcleee fell from a high place
[21:38:34] [Server thread/INFO]: Dcleee fell from a high place
[21:38:42] [Server thread/INFO]: Dcleee fell from a high place
[21:38:47] [Server thread/INFO]: Dcleee fell from a high place
[21:38:53] [Server thread/INFO]: Dcleee fell from a high place
[21:38:59] [Server thread/INFO]: Dcleee fell from a high place
[21:39:02] [Server thread/INFO]: Dcleee fell from a high place
[21:39:06] [Server thread/INFO]: Dcleee fell from a high place
[21:39:10] [Server thread/INFO]: Dcleee fell from a high place
[21:39:23] [Server thread/INFO]: Dcleee fell from a high place
[21:39:33] [Server thread/INFO]: Dcleee fell from a high place
[21:39:37] [Server thread/INFO]: Dcleee fell from a high place
[21:39:47] [Server thread/INFO]: skuru issued server command: /team list
[21:39:48] [Server thread/INFO]: Dcleee fell from a high place
[21:39:49] [Server thread/INFO]: skuru issued server command: /team add nocol
[21:39:53] [Server thread/INFO]: skuru issued server command: /team join nocol @a
[21:39:58] [Server thread/INFO]: Dcleee fell from a high place
[21:39:59] [Server thread/INFO]: skuru issued server command: /team modify nocol collisionRule never
[21:40:03] [Server thread/INFO]: Dcleee fell from a high place
[21:40:09] [Server thread/INFO]: Dcleee fell from a high place
[21:40:14] [Server thread/INFO]: Dcleee fell from a high place
[21:40:21] [Server thread/INFO]: Dcleee fell from a high place
[21:40:28] [Server thread/INFO]: Dcleee fell from a high place
[21:40:38] [Server thread/INFO]: Dcleee fell from a high place
[21:40:44] [Server thread/INFO]: Dcleee fell from a high place
[21:40:52] [Server thread/INFO]: Dcleee fell from a high place
[21:40:59] [Server thread/INFO]: Dcleee fell from a high place
[21:41:05] [Server thread/INFO]: Dcleee fell from a high place
[21:41:12] [Server thread/INFO]: Dcleee fell from a high place
[21:41:14] [Server thread/INFO]: skuru issued server command: /tag @s add player
[21:41:18] [Server thread/INFO]: skuru issued server command: /gamemode adventure
[21:41:18] [Server thread/INFO]: Dcleee fell from a high place
[21:41:19] [Server thread/INFO]: skuru issued server command: /clear
[21:41:22] [Server thread/INFO]: skuru fell from a high place
[21:41:25] [Server thread/INFO]: Dcleee fell from a high place
[21:41:28] [Server thread/INFO]: skuru fell from a high place
[21:41:34] [Server thread/INFO]: skuru fell from a high place
[21:41:38] [Server thread/INFO]: Dcleee fell from a high place
[21:41:42] [Server thread/INFO]: skuru fell from a high place
[21:41:47] [Server thread/INFO]: Dcleee fell from a high place
[21:41:50] [Server thread/INFO]: skuru fell from a high place
[21:41:52] [Server thread/INFO]: Dcleee fell from a high place
[21:41:56] [Server thread/INFO]: skuru fell from a high place
[21:41:59] [Server thread/INFO]: Dcleee fell from a high place
[21:42:01] [Server thread/INFO]: skuru was killed
[21:42:03] [Server thread/INFO]: Dcleee fell from a high place
[21:42:07] [Server thread/INFO]: skuru fell from a high place
[21:42:08] [Server thread/INFO]: skuru issued server command: /gamemode creative
[21:42:09] [Server thread/INFO]: Dcleee fell from a high place
[21:42:10] [Server thread/INFO]: Dcleee issued server command: /???
[21:42:10] [Server thread/INFO]: Dcleee issued server command: /
[21:42:12] [Async Chat Thread - #24/INFO]: <Dcleee> ??????????
[21:42:17] [Server thread/INFO]: Dcleee fell from a high place
[21:42:23] [Server thread/INFO]: Dcleee fell from a high place
[21:42:30] [Server thread/INFO]: Dcleee fell from a high place
[21:42:31] [Server thread/INFO]: skuru issued server command: /gamemode adventure
[21:42:35] [Server thread/INFO]: Dcleee fell from a high place
[21:42:37] [Server thread/INFO]: skuru fell from a high place
[21:42:41] [Server thread/INFO]: Dcleee fell from a high place
[21:42:43] [Server thread/INFO]: skuru fell from a high place
[21:42:44] [Server thread/INFO]: skuru issued server command: /gamemode creative
[21:42:50] [Server thread/INFO]: Dcleee fell from a high place
[21:42:51] [Server thread/INFO]: skuru issued server command: /gamemode adventure
[21:42:55] [Server thread/INFO]: Dcleee fell from a high place
[21:42:56] [Server thread/INFO]: skuru fell from a high place
[21:43:01] [Server thread/INFO]: Dcleee fell from a high place
[21:43:02] [Server thread/INFO]: skuru fell from a high place
[21:43:06] [Server thread/INFO]: Dcleee fell from a high place
[21:43:08] [Server thread/INFO]: skuru fell from a high place
[21:43:10] [Server thread/INFO]: skuru issued server command: /gamemode creative
[21:43:11] [Async Chat Thread - #24/INFO]: <Dcleee> ㅁㅊㄴ
[21:43:11] [Server thread/INFO]: Dcleee fell from a high place
[21:43:19] [Server thread/INFO]: Dcleee fell from a high place
[21:43:26] [Server thread/INFO]: Dcleee fell from a high place
[21:43:34] [Server thread/INFO]: Dcleee fell from a high place
[21:43:39] [Server thread/INFO]: Dcleee fell from a high place
[21:43:51] [Server thread/INFO]: Dcleee fell from a high place
[21:43:57] [Server thread/INFO]: Dcleee fell from a high place
[21:44:04] [Server thread/INFO]: Dcleee fell from a high place
[21:44:11] [Server thread/INFO]: Dcleee fell from a high place
[21:45:10] [Server thread/INFO]: Dcleee fell from a high place
[21:45:15] [Server thread/INFO]: Dcleee fell from a high place
[21:45:19] [Server thread/INFO]: Dcleee fell from a high place
[21:45:24] [Async Chat Thread - #26/INFO]: <Dcleee> ㅋㅋㅋㅋㅋㅋㅋㅋㅋㅋㅋㅋㅋ
[21:45:42] [Server thread/INFO]: Dcleee fell from a high place
[21:45:44] [Async Chat Thread - #26/INFO]: <Dcleee> 아니
[21:45:45] [Async Chat Thread - #26/INFO]: <Dcleee> 아니
[21:45:53] [Server thread/INFO]: Dcleee fell from a high place
[21:46:13] [Server thread/INFO]: Dcleee fell from a high place
[21:46:16] [Server thread/INFO]: skuru issued server command: /tp Dcleee @s
[21:46:16] [Server thread/WARN]: Dcleee moved too quickly! -20.862998532085697,-1.4199999868869781,-0.214286209310095
[21:46:18] [Server thread/INFO]: Dcleee fell from a high place
[21:46:19] [Server thread/INFO]: skuru issued server command: /tp Dcleee @s
[21:46:19] [Server thread/WARN]: Dcleee moved too quickly! -24.12919398387774,-1.0,0.11583489114974643
[21:46:40] [Server thread/INFO]: Dcleee fell off some weeping vines
[21:46:42] [Server thread/INFO]: skuru issued server command: /tp Dcleee @s
[21:46:43] [Server thread/WARN]: Dcleee moved too quickly! -28.889019429606208,-8.0,2.3606649745043127
[21:47:11] [Async Chat Thread - #28/INFO]: <Dcleee> dinosaurus
[21:47:16] [Async Chat Thread - #28/INFO]: <Dcleee> ?
[21:47:16] [Server thread/INFO]: Dcleee was doomed to fall by skuru
[21:47:21] [Async Chat Thread - #28/INFO]: <Dcleee> 너 내일밤
[21:47:27] [Async Chat Thread - #28/INFO]: <Dcleee> 진석진석메챠쿠챠베타베타알파알파
[21:47:27] [Async Chat Thread - #28/INFO]: <skuru> 왜 자기소개함
[21:47:38] [Server thread/INFO]: skuru issued server command: /tellraw @a {"text":""}
[21:47:45] [Server thread/INFO]: Dcleee fell from a high place
[21:47:48] [Server thread/INFO]: skuru issued server command: /tellraw @a {"text":"<Dclee> 나 사실 진석이 좋아함"}
[21:47:53] [Async Chat Thread - #28/INFO]: <Dcleee> ㅋㅋㅋㅋㅋㅋㅋㅋㅋㅋㅋㅋㅋㅋㅋㅋ
[21:47:57] [Async Chat Thread - #28/INFO]: <Dcleee> tellraw
[21:47:58] [Server thread/INFO]: skuru issued server command: /tellraw @a {"text":"<Dcleee> 나 사실 진석이 좋아함"}
[21:48:00] [Async Chat Thread - #28/INFO]: <Dcleee> ㅋㅋㅋㅋㅋㅋㅋㅋㅋㅋㅋㅋㅋㅋ
[21:48:08] [Server thread/INFO]: skuru issued server command: /tellraw @a {"text":"<Dcleee> 나 사실 진석랑 섹스함"}
[21:48:13] [Server thread/INFO]: Dcleee issued server command: /tellraw @s <skuru> ㅅㅅ
[21:48:21] [Server thread/INFO]: skuru issued server command: /tellraw @a {"text":"<이진석> 앗.. 그거 말하면 안돼는데.."}
[21:48:29] [Server thread/INFO]: Dcleee fell from a high place
[21:48:34] [Server thread/INFO]: Dcleee fell from a high place
[21:48:49] [Server thread/INFO]: Dcleee fell from a high place
[21:48:54] [Server thread/INFO]: Dcleee fell from a high place
[21:49:02] [Server thread/INFO]: Dcleee fell from a high place
[21:49:15] [Server thread/INFO]: Dcleee fell from a high place
[21:49:51] [Server thread/INFO]: Dcleee fell from a high place
[21:49:54] [Async Chat Thread - #30/INFO]: <Dcleee> ㅗ
[21:49:55] [Server thread/INFO]: skuru issued server command: /tp Dcleee @s
[21:50:31] [Server thread/INFO]: Dcleee issued server command: /spawnpoint ~ ~ ~
[21:50:33] [Server thread/INFO]: Dcleee issued server command: /spawnpoint @s
[21:50:35] [Server thread/INFO]: Dcleee fell from a high place
[21:50:37] [Server thread/INFO]: Dcleee fell from a high place
[21:50:39] [Server thread/INFO]: Dcleee fell from a high place
[21:50:40] [Server thread/INFO]: skuru issued server command: /spawnpoint Dcleee ~ ~ ~
[21:50:40] [Server thread/INFO]: Dcleee fell from a high place
[21:50:50] [Server thread/INFO]: Dcleee fell from a high place
[21:50:58] [Server thread/INFO]: Dcleee fell from a high place
[21:51:04] [Server thread/INFO]: skuru issued server command: /spawnpoint Dcleee ~ ~ ~
[21:51:04] [Server thread/INFO]: Dcleee fell from a high place
[21:51:19] [Server thread/INFO]: Dcleee was doomed to fall by skuru
[21:51:35] [Server thread/INFO]: Dcleee fell from a high place
[21:51:46] [Server thread/INFO]: Dcleee fell from a high place
[21:51:51] [Server thread/INFO]: Dcleee fell from a high place
[21:52:02] [Server thread/INFO]: Dcleee fell from a high place
[21:52:02] [Server thread/INFO]: skuru issued server command: /spawnpoint Dcleee ~ ~ ~
[21:52:04] [Server thread/INFO]: skuru issued server command: /spawnpoint Dcleee ~ ~ ~
[21:52:12] [Server thread/INFO]: skuru issued server command: /effect clear @s
[21:52:18] [Server thread/INFO]: skuru issued server command: /tag @a remove honey
[21:52:20] [Server thread/INFO]: Dcleee fell from a high place
[21:52:38] [Server thread/INFO]: skuru issued server command: /tag @a remove honey
[21:52:48] [Server thread/INFO]: Dcleee burned to death
[21:52:55] [Server thread/INFO]: skuru issued server command: /tag @a remove honey
[21:53:01] [Server thread/INFO]: Dcleee tried to swim in lava
[21:53:07] [Server thread/INFO]: Dcleee tried to swim in lava
[21:53:16] [Server thread/INFO]: Dcleee tried to swim in lava
[21:53:23] [Server thread/INFO]: Dcleee tried to swim in lava
[21:53:25] [Async Chat Thread - #32/INFO]: <Dcleee> 모세가
[21:53:25] [Server thread/INFO]: Dcleee fell from a high place
[21:53:28] [Async Chat Thread - #32/INFO]: <Dcleee> 모세가 존나 대단한거임
[21:54:05] [Server thread/INFO]: skuru issued server command: /gamemode spectator
[21:54:18] [Server thread/INFO]: skuru issued server command: /kill Dcleee
[21:54:18] [Server thread/INFO]: Dcleee was killed
[21:54:28] [Server thread/INFO]: Dcleee issued server command: /kill
[21:54:28] [Server thread/INFO]: Dcleee was killed
[21:54:55] [Server thread/INFO]: skuru issued server command: /gamemode creative
[21:55:07] [Server thread/INFO]: Dcleee was doomed to fall by skuru
[21:55:10] [Async Chat Thread - #34/INFO]: <Dcleee> hhhhhhhhhhhhhhhhhhhhhhhh
[21:55:32] [Server thread/INFO]: Dcleee issued server command: /kick
[21:55:33] [Server thread/INFO]: Dcleee issued server command: /kill
[21:55:33] [Server thread/INFO]: Dcleee was killed
[21:55:45] [Server thread/INFO]: skuru issued server command: /gamemode spectator
[21:56:03] [Server thread/INFO]: skuru issued server command: /kill Dcleee
[21:56:03] [Server thread/INFO]: Dcleee was killed
[21:56:04] [Server thread/INFO]: skuru issued server command: /gamemode creative
[21:56:11] [Server thread/INFO]: skuru issued server command: /effect clear @
[21:56:12] [Server thread/INFO]: skuru issued server command: /effect clear @s
[21:56:26] [Server thread/INFO]: Dcleee issued server command: /kill
[21:56:26] [Server thread/INFO]: Dcleee was killed
[21:56:41] [Server thread/INFO]: skuru issued server command: /effect clear @s
[21:56:48] [Server thread/INFO]: Dcleee issued server command: /tp ~ ~10 ~
[21:57:17] [Server thread/INFO]: Dcleee was doomed to fall by skuru
[21:57:19] [Server thread/INFO]: skuru issued server command: /gamemode spectator
[21:57:26] [Server thread/INFO]: skuru issued server command: /gamemode creative
[21:57:42] [Server thread/INFO]: Dcleee issued server command: /tp ~ ~5 ~
[21:57:43] [Server thread/INFO]: skuru issued server command: /gamemode spectator
[21:57:48] [Server thread/INFO]: skuru issued server command: /kill Dcleee
[21:57:48] [Server thread/INFO]: Dcleee was killed
[21:58:00] [Server thread/INFO]: Dcleee issued server command: /kill
[21:58:00] [Server thread/INFO]: Dcleee was killed
[21:58:13] [Server thread/INFO]: Dcleee issued server command: /kill
[21:58:13] [Server thread/INFO]: Dcleee was killed
[21:58:24] [Server thread/INFO]: skuru issued server command: /kill Dcleee
[21:58:24] [Server thread/INFO]: Dcleee was killed
[21:58:44] [Server thread/INFO]: Dcleee was doomed to fall
[21:59:08] [Server thread/INFO]: skuru issued server command: /gamemode creative
[21:59:25] [Server thread/INFO]: skuru issued server command: /gamemode spectator
[21:59:41] [Server thread/INFO]: Dcleee fell from a high place
[21:59:45] [Server thread/INFO]: skuru issued server command: /gamemode creative
[21:59:54] [Server thread/INFO]: Dcleee fell from a high place
[22:00:04] [Server thread/INFO]: skuru was killed
[22:00:09] [Server thread/INFO]: Dcleee fell from a high place
[22:00:10] [Server thread/INFO]: skuru issued server command: /tag @s remove player
[22:00:20] [Server thread/INFO]: Dcleee was killed
[22:00:27] [Server thread/INFO]: Dcleee fell from a high place
[22:00:32] [Server thread/INFO]: skuru issued server command: /tp Dcleee @s
[22:01:01] [Server thread/INFO]: skuru issued server command: /team remove nocol
[22:01:10] [Server thread/INFO]: Dcleee was doomed to fall by skuru
[22:01:32] [Server thread/INFO]: Dcleee was doomed to fall
[22:01:41] [Server thread/INFO]: Dcleee fell from a high place
[22:01:41] [Async Chat Thread - #36/INFO]: <Dcleee> ㅆ삐;라ㅏ
[22:01:45] [Server thread/WARN]: Dcleee moved wrongly!
[22:01:47] [Server thread/INFO]: Dcleee fell from a high place
[22:01:54] [Server thread/INFO]: Dcleee was killed
[22:02:03] [Server thread/INFO]: Dcleee fell from a high place
[22:02:15] [Server thread/INFO]: Dcleee fell from a high place
[22:02:23] [Server thread/INFO]: Dcleee fell from a high place
[22:02:36] [Server thread/INFO]: Dcleee fell from a high place
[22:02:44] [Server thread/INFO]: Dcleee fell from a high place
[22:02:59] [Server thread/INFO]: Dcleee fell from a high place
[22:03:08] [Server thread/INFO]: Dcleee fell from a high place
[22:03:32] [Server thread/INFO]: Dcleee fell from a high place
[22:03:46] [Server thread/INFO]: Dcleee fell from a high place
[22:03:58] [Server thread/INFO]: Dcleee fell from a high place
[22:04:04] [Server thread/INFO]: Dcleee fell from a high place
[22:04:10] [Server thread/INFO]: Dcleee fell from a high place
[22:04:13] [Server thread/INFO]: Dcleee fell from a high place
[22:04:21] [Server thread/INFO]: Dcleee was doomed to fall
[22:04:37] [Server thread/INFO]: Dcleee fell from a high place
[22:04:41] [User Authenticator #1/INFO]: UUID of player WhiteNoice_56 is 2f076510-23db-4db3-8012-883ac29c78ad
[22:04:42] [Server thread/INFO]: WhiteNoice_56 joined the game
[22:04:42] [Server thread/INFO]: WhiteNoice_56[/180.68.97.250:4045] logged in with entity id 185 at ([world]-97.5, 58.0, -92.5)
[22:04:43] [Server thread/INFO]: Dcleee fell from a high place
[22:04:47] [Async Chat Thread - #38/INFO]: <WhiteNoice_56> 이동찬 개못하네
[22:04:47] [Async Chat Thread - #38/INFO]: <WhiteNoice_56> 이동찬 개못하네
[22:04:47] [Async Chat Thread - #38/INFO]: <WhiteNoice_56> 이동찬 개못하네
[22:04:47] [Async Chat Thread - #38/INFO]: <WhiteNoice_56> 이동찬 개못하네
[22:04:48] [Async Chat Thread - #38/INFO]: <WhiteNoice_56> 이동찬 개못하네
[22:04:48] [Server thread/INFO]: Dcleee fell from a high place
[22:04:48] [Async Chat Thread - #38/INFO]: <WhiteNoice_56> 이동찬 개못하네
[22:04:48] [Async Chat Thread - #38/INFO]: <WhiteNoice_56> 이동찬 개못하네
[22:04:48] [Async Chat Thread - #38/INFO]: <WhiteNoice_56> 이동찬 개못하네
[22:04:48] [Async Chat Thread - #38/INFO]: <WhiteNoice_56> 이동찬 개못하네
[22:04:48] [Async Chat Thread - #38/INFO]: <WhiteNoice_56> 이동찬 개못하네
[22:04:49] [Async Chat Thread - #38/INFO]: <WhiteNoice_56> 이동찬 개못하네
[22:04:49] [Async Chat Thread - #38/INFO]: <WhiteNoice_56> 이동찬 개못하네
[22:04:49] [Server thread/INFO]: WhiteNoice_56 lost connection: Kicked for spamming
[22:04:49] [Server thread/INFO]: WhiteNoice_56 left the game
[22:04:50] [Async Chat Thread - #38/INFO]: <Dcleee> ㅗ
[22:04:51] [User Authenticator #1/INFO]: UUID of player WhiteNoice_56 is 2f076510-23db-4db3-8012-883ac29c78ad
[22:04:51] [Async Chat Thread - #38/INFO]: <Dcleee> ?
[22:04:51] [Server thread/INFO]: WhiteNoice_56 joined the game
[22:04:51] [Server thread/INFO]: WhiteNoice_56[/180.68.97.250:4052] logged in with entity id 186 at ([world]-76.2320620180346, 64.9931370059502, -92.30397854202575)
[22:04:54] [Server thread/INFO]: WhiteNoice_56 issued server command: /tp
[22:04:58] [Server thread/INFO]: skuru issued server command: /op @a
[22:04:59] [Server thread/INFO]: WhiteNoice_56 issued server command: /tp Dcleee
[22:04:59] [Server thread/WARN]: WhiteNoice_56 moved too quickly! -167.79425454757387,42.62635308157128,69.98789317981912
[22:05:04] [Async Chat Thread - #38/INFO]: <Dcleee> ?
[22:05:05] [Server thread/INFO]: Dcleee was doomed to fall by WhiteNoice_56
[22:05:12] [Server thread/INFO]: Dcleee was doomed to fall by WhiteNoice_56
[22:05:18] [Server thread/INFO]: Dcleee was killed
[22:05:27] [Server thread/INFO]: Dcleee was doomed to fall by WhiteNoice_56
[22:05:36] [Server thread/INFO]: Dcleee was killed while fighting WhiteNoice_56
[22:05:50] [Server thread/INFO]: Dcleee fell from a high place
[22:05:53] [Server thread/INFO]: skuru issued server command: /spawnpoint Dcleee ~ ~ ~
[22:05:56] [Server thread/INFO]: Dcleee fell from a high place
[22:06:06] [Server thread/INFO]: Dcleee fell from a high place
[22:06:10] [Server thread/INFO]: Dcleee fell from a high place
[22:06:10] [Server thread/INFO]: WhiteNoice_56 has made the advancement [Sticky Situation]
[22:06:16] [Server thread/INFO]: Dcleee fell from a high place
[22:06:21] [Server thread/INFO]: Dcleee fell off a ladder
[22:06:25] [Server thread/INFO]: Dcleee fell from a high place
[22:06:30] [Server thread/INFO]: Dcleee fell from a high place
[22:06:32] [Server thread/INFO]: Dcleee issued server command: /kickl
[22:06:32] [Server thread/INFO]: Dcleee was doomed to fall by skuru
[22:06:34] [Server thread/INFO]: Dcleee issued server command: /osdjhfijhawei
[22:06:39] [Server thread/INFO]: Dcleee fell from a high place
[22:06:43] [Server thread/INFO]: Dcleee fell from a high place
[22:06:49] [Server thread/INFO]: Dcleee fell from a high place
[22:06:54] [Server thread/INFO]: Dcleee fell from a high place
[22:06:58] [Server thread/INFO]: Dcleee fell from a high place
[22:07:00] [Server thread/INFO]: skuru issued server command: /attribute Dcleee minecraft:generic.scale base get
[22:07:02] [Server thread/INFO]: skuru issued server command: /attribute Dcleee minecraft:generic.scale base set 2
[22:07:03] [Server thread/INFO]: Dcleee fell from a high place
[22:07:23] [Server thread/INFO]: skuru issued server command: /attribute Dcleee minecraft:generic.scale base set 1
[22:07:25] [Server thread/INFO]: Dcleee fell from a high place
[22:07:27] [Server thread/INFO]: skuru issued server command: /attribute Dcleee minecraft:generic.scale base set 0.1
[22:07:30] [Server thread/INFO]: Dcleee fell from a high place
[22:07:37] [Server thread/INFO]: Dcleee was killed
[22:07:38] [Server thread/INFO]: skuru issued server command: /attribute Dcleee minecraft:generic.scale base set 1
[22:07:44] [Server thread/INFO]: Dcleee fell from a high place
[22:07:48] [Server thread/INFO]: Dcleee fell from a high place
[22:07:56] [Server thread/INFO]: Dcleee fell from a high place
[22:07:56] [Server thread/INFO]: skuru issued server command: /attribute Dcleee minecraft:generic.scale base set 2
[22:08:00] [Server thread/INFO]: skuru issued server command: /gamemode spectator
[22:08:06] [Server thread/INFO]: Dcleee issued server command: /kill
[22:08:06] [Server thread/INFO]: Dcleee was killed
[22:08:11] [Server thread/INFO]: skuru issued server command: /attribute Dcleee minecraft:generic.scale base set 1
[22:08:13] [Server thread/INFO]: skuru issued server command: /gamemode creative
[22:08:21] [Server thread/INFO]: Dcleee fell from a high place
[22:08:28] [Server thread/INFO]: Dcleee was killed
[22:08:33] [Server thread/INFO]: Dcleee fell from a high place
[22:08:37] [Server thread/INFO]: Dcleee fell from a high place
[22:08:40] [Server thread/INFO]: Dcleee fell from a high place
[22:08:47] [Server thread/INFO]: Dcleee fell from a high place
[22:08:49] [Server thread/INFO]: WhiteNoice_56 issued server command: /playsound minecraft:item.goat_horn.sound.0
[22:08:52] [Server thread/INFO]: WhiteNoice_56 issued server command: /playsound minecraft:item.goat_horn.sound.1
[22:08:52] [Server thread/INFO]: Dcleee fell from a high place
[22:09:26] [Server thread/INFO]: Dcleee issued server command: /gamemode c
[22:09:28] [Server thread/INFO]: Dcleee issued server command: /gamemode creative
[22:09:30] [Server thread/INFO]: Dcleee issued server command: /tp skuru
[22:09:30] [Server thread/WARN]: Dcleee moved too quickly! 169.63966192601222,-59.15760090177669,-90.97193451119901
[22:09:30] [Server thread/INFO]: Dcleee was killed
[22:09:36] [Server thread/INFO]: Dcleee issued server command: /tp skuru
[22:09:36] [Server thread/INFO]: Dcleee was killed
[22:09:38] [Server thread/INFO]: Dcleee issued server command: /tp skuru
[22:09:38] [Server thread/INFO]: Dcleee was killed
[22:09:40] [Server thread/INFO]: Dcleee issued server command: /tp skuru
[22:09:40] [Server thread/INFO]: Dcleee was killed
[22:09:42] [Server thread/INFO]: Dcleee issued server command: /tp skuru
[22:09:48] [Server thread/INFO]: WhiteNoice_56 issued server command: /playsound minecraft:item.goat_horn.sound.1 master @e[type=minecraft:player] ~ ~ ~ 1 2
[22:09:52] [Server thread/INFO]: skuru issued server command: /function
[22:09:52] [Server thread/INFO]: WhiteNoice_56 issued server command: /playsound minecraft:item.goat_horn.sound.1 master @e[type=minecraft:player] ~ ~ ~ 1 1.5
[22:09:54] [Server thread/INFO]: WhiteNoice_56 issued server command: /playsound minecraft:item.goat_horn.sound.1 master @e[type=minecraft:player] ~ ~ ~ 1 1.7
[22:09:56] [Server thread/INFO]: WhiteNoice_56 issued server command: /tp Dcleee
[22:09:56] [Server thread/WARN]: WhiteNoice_56 moved too quickly! 101.04631406917882,-45.56429323107298,-84.98040499432177
[22:09:57] [Server thread/INFO]: WhiteNoice_56 issued server command: /playsound minecraft:item.goat_horn.sound.1 master @e[type=minecraft:player] ~ ~ ~ 1 1.7
[22:09:58] [Server thread/INFO]: WhiteNoice_56 issued server command: /playsound minecraft:item.goat_horn.sound.1 master @e[type=minecraft:player] ~ ~ ~ 1 1.7
[22:10:12] [Server thread/INFO]: WhiteNoice_56 issued server command: /tp Dcleee WhiteNoice_56
[22:10:12] [Server thread/INFO]: Dcleee was killed
[22:10:13] [Server thread/INFO]: WhiteNoice_56 issued server command: /tp Dcleee WhiteNoice_56
[22:10:14] [Server thread/WARN]: Dcleee moved too quickly! -24.715431271214413,-51.0,-15.547952065328786
[22:10:14] [Server thread/INFO]: Dcleee was killed
[22:10:14] [Server thread/INFO]: WhiteNoice_56 issued server command: /tp Dcleee WhiteNoice_56
[22:10:15] [Server thread/WARN]: Dcleee moved too quickly! -24.29215454485029,-51.0,-17.029951146265113
[22:10:15] [Server thread/INFO]: Dcleee was killed
[22:10:15] [Server thread/INFO]: WhiteNoice_56 issued server command: /tp Dcleee WhiteNoice_56
[22:10:15] [Server thread/INFO]: WhiteNoice_56 issued server command: /tp Dcleee WhiteNoice_56
[22:10:15] [Server thread/INFO]: Dcleee was killed
[22:10:15] [Server thread/INFO]: WhiteNoice_56 issued server command: /tp Dcleee WhiteNoice_56
[22:10:15] [Server thread/WARN]: Dcleee moved too quickly! -24.29215454485029,-51.099999999999994,-17.002481524144127
[22:10:15] [Server thread/INFO]: WhiteNoice_56 issued server command: /tp Dcleee WhiteNoice_56
[22:10:16] [Server thread/INFO]: Dcleee was killed
[22:10:16] [Server thread/INFO]: WhiteNoice_56 issued server command: /tp Dcleee WhiteNoice_56
[22:10:16] [Server thread/INFO]: WhiteNoice_56 issued server command: /tp Dcleee WhiteNoice_56
[22:10:16] [Server thread/INFO]: Dcleee was killed
[22:10:18] [Server thread/INFO]: WhiteNoice_56 issued server command: /tp Dcleee WhiteNoice_56
[22:10:18] [Server thread/INFO]: Dcleee was killed
[22:10:18] [Server thread/INFO]: WhiteNoice_56 issued server command: /tp Dcleee WhiteNoice_56
[22:10:18] [Server thread/WARN]: Dcleee moved too quickly! -25.848785359277855,-51.099999999999994,-14.989367554850062
[22:10:19] [Server thread/INFO]: skuru issued server command: /tp @s WhiteNoice_56
[22:10:19] [Server thread/WARN]: skuru moved too quickly! 39.16102092139485,-29.23705294935428,145.7763181938285
[22:10:19] [Server thread/INFO]: WhiteNoice_56 issued server command: /tp Dcleee WhiteNoice_56
[22:10:19] [Server thread/INFO]: WhiteNoice_56 issued server command: /tp Dcleee WhiteNoice_56
[22:10:19] [Server thread/INFO]: Dcleee was killed
[22:10:19] [Server thread/INFO]: WhiteNoice_56 issued server command: /tp Dcleee WhiteNoice_56
[22:10:19] [Server thread/WARN]: Dcleee moved too quickly! -25.959380928224306,-51.099999999999994,-14.553787707122126
[22:10:20] [Server thread/INFO]: WhiteNoice_56 issued server command: /tp Dcleee WhiteNoice_56
[22:10:20] [Server thread/INFO]: Dcleee was killed
[22:10:20] [Server thread/INFO]: WhiteNoice_56 issued server command: /tp Dcleee WhiteNoice_56
[22:10:20] [Server thread/INFO]: WhiteNoice_56 issued server command: /tp Dcleee WhiteNoice_56
[22:10:20] [Server thread/INFO]: WhiteNoice_56 issued server command: /tp Dcleee WhiteNoice_56
[22:10:21] [Server thread/INFO]: WhiteNoice_56 issued server command: /tp Dcleee WhiteNoice_56
[22:10:24] [Server thread/INFO]: skuru issued server command: /tag Dcleee remove player
[22:10:41] [Async Chat Thread - #40/INFO]: <Dcleee> sheep fucking speedrun
[22:10:41] [Server thread/INFO]: Villager Villager['Villager'/188, uuid='450ac0e1-3a47-4d21-93e2-fc84756cfc16', l='ServerLevel[world]', x=-189.80, y=54.19, z=-3.60, cpos=[-12, -1], tl=4359, v=true] died, message: 'Villager was slain by WhiteNoice_56'
[22:11:01] [Server thread/INFO]: Dcleee issued server command: /tag @s remove
[22:11:03] [Server thread/INFO]: Dcleee issued server command: /tag @s remove player
[22:11:06] [Server thread/INFO]: Dcleee issued server command: /tag @s remove
[22:11:11] [Server thread/INFO]: Dcleee issued server command: /tag @s remove
[22:11:13] [Server thread/INFO]: Dcleee issued server command: /tag @s remove
[22:11:18] [Server thread/INFO]: Dcleee issued server command: /tag @s remove Dclee
[22:11:22] [Server thread/INFO]: Dcleee issued server command: /tag @s remove player
[22:12:50] [Async Chat Thread - #42/INFO]: <Dcleee> ㅋㅋㅋㅋㅋㅋㅋㅋㅋㅋㅋㅋ
[22:12:52] [Server thread/INFO]: WhiteNoice_56 issued server command: /w Dcleee w
[22:13:49] [Server thread/INFO]: Dcleee issued server command: /summon minecraft:iron_golem
[22:13:51] [Server thread/INFO]: Dcleee issued server command: /tp ~ ~100 ~
[22:13:51] [Server thread/WARN]: Dcleee moved too quickly! 0.0,100.0,0.0
[22:13:57] [Server thread/INFO]: Dcleee issued server command: /tp ~ ~100 ~
[22:13:57] [Server thread/WARN]: Dcleee moved too quickly! -0.008686648796867757,100.0,0.005771763384233353
[22:14:01] [Server thread/INFO]: skuru issued server command: /stop
[22:14:01] [Server thread/INFO]: WhiteNoice_56 issued server command: /tp Dcleee
[22:14:01] [Server thread/INFO]: Stopping server
[22:14:01] [Server thread/INFO]: [WorldEdit] Disabling WorldEdit v7.3.8+6939-7d32b45
[22:14:01] [Server thread/INFO]: Unregistering com.sk89q.worldedit.bukkit.BukkitServerInterface from WorldEdit
[22:14:01] [Server thread/INFO]: Saving players
[22:14:01] [Server thread/INFO]: skuru lost connection: Server closed
[22:14:01] [Server thread/INFO]: skuru left the game
[22:14:01] [Server thread/INFO]: WhiteNoice_56 lost connection: Server closed
[22:14:01] [Server thread/INFO]: WhiteNoice_56 left the game
[22:14:01] [Server thread/INFO]: Dcleee lost connection: Server closed
[22:14:01] [Server thread/INFO]: Dcleee left the game
[22:14:01] [Server thread/INFO]: Saving worlds
[22:14:01] [Server thread/INFO]: Saving chunks for level 'ServerLevel[world]'/minecraft:overworld
[22:14:01] [Server thread/INFO]: [ChunkHolderManager] Waiting 60s for chunk system to halt for world 'world'
[22:14:01] [Server thread/INFO]: [ChunkHolderManager] Halted chunk system for world 'world'
[22:14:01] [Server thread/INFO]: [ChunkHolderManager] Saving all chunkholders for world 'world'
[22:14:02] [Server thread/INFO]: [ChunkHolderManager] Saved 116 block chunks, 119 entity chunks, 0 poi chunks in world 'world' in 0.47s
[22:14:02] [Server thread/INFO]: Saving chunks for level 'ServerLevel[world_nether]'/minecraft:the_nether
[22:14:02] [Server thread/INFO]: [ChunkHolderManager] Waiting 60s for chunk system to halt for world 'world_nether'
[22:14:02] [Server thread/INFO]: [ChunkHolderManager] Halted chunk system for world 'world_nether'
[22:14:02] [Server thread/INFO]: [ChunkHolderManager] Saving all chunkholders for world 'world_nether'
[22:14:02] [Server thread/INFO]: [ChunkHolderManager] Saved 0 block chunks, 38 entity chunks, 0 poi chunks in world 'world_nether' in 0.15s
[22:14:02] [Server thread/INFO]: Saving chunks for level 'ServerLevel[world_the_end]'/minecraft:the_end
[22:14:02] [Server thread/INFO]: [ChunkHolderManager] Waiting 60s for chunk system to halt for world 'world_the_end'
[22:14:02] [Server thread/INFO]: [ChunkHolderManager] Halted chunk system for world 'world_the_end'
[22:14:02] [Server thread/INFO]: [ChunkHolderManager] Saving all chunkholders for world 'world_the_end'
[22:14:02] [Server thread/INFO]: [ChunkHolderManager] Saved 1 block chunks, 52 entity chunks, 0 poi chunks in world 'world_the_end' in 0.21s
[22:14:02] [Server thread/INFO]: ThreadedAnvilChunkStorage (world): All chunks are saved
[22:14:02] [Server thread/INFO]: ThreadedAnvilChunkStorage (DIM-1): All chunks are saved
[22:14:02] [Server thread/INFO]: ThreadedAnvilChunkStorage (DIM1): All chunks are saved
[22:14:02] [Server thread/INFO]: ThreadedAnvilChunkStorage: All dimensions are saved
